make all --print-data-base --no-builtin-variables --no-builtin-rules --question
<<<<<<< HEAD
=======
make: *** No rule to make target 'all'.  Stop.

>>>>>>> a89e094389f430cd598a9d22e1f984326a7eab38
# GNU Make 4.2.1
# Built for x86_64-pc-linux-gnu
# Copyright (C) 1988-2016 Free Software Foundation, Inc.
# License GPLv3+: GNU GPL version 3 or later <http://gnu.org/licenses/gpl.html>
# This is free software: you are free to change and redistribute it.
# There is NO WARRANTY, to the extent permitted by law.

<<<<<<< HEAD
# Make data base, printed on Wed Aug  3 19:13:11 2022
=======
# Make data base, printed on Wed Aug  3 16:47:01 2022
>>>>>>> a89e094389f430cd598a9d22e1f984326a7eab38

# Variables

# 'override' directive
GNUMAKEFLAGS := 
# automatic
<D = $(patsubst %/,%,$(dir $<))
# automatic
?F = $(notdir $?)
# environment
DESKTOP_SESSION = ubuntu
# default
.SHELLFLAGS := -c
# environment
XDG_SESSION_CLASS = user
# environment
XDG_SESSION_TYPE = x11
# automatic
?D = $(patsubst %/,%,$(dir $?))
# environment
IM_CONFIG_PHASE = 1
# automatic
@D = $(patsubst %/,%,$(dir $@))
# environment
XAUTHORITY = /run/user/1000/gdm/Xauthority
# environment
GDMSESSION = ubuntu
# environment
XMODIFIERS = @im=ibus
# makefile
CURDIR := /home/cccmmf/task/chatroom
# makefile
SHELL = /bin/sh
# environment
VSCODE_NLS_CONFIG = {"locale":"zh-cn","availableLanguages":{"*":"zh-cn"},"_languagePackId":"1d735750dbb1b9066c7513078396ba0f.zh-cn","_translationsConfigFile":"/home/cccmmf/.config/Code/clp/1d735750dbb1b9066c7513078396ba0f.zh-cn/tcf.json","_cacheRoot":"/home/cccmmf/.config/Code/clp/1d735750dbb1b9066c7513078396ba0f.zh-cn","_resolvedLanguagePackCoreLocation":"/home/cccmmf/.config/Code/clp/1d735750dbb1b9066c7513078396ba0f.zh-cn/3b889b090b5ad5793f524b5d1d39fda662b96a2a","_corruptedFile":"/home/cccmmf/.config/Code/clp/1d735750dbb1b9066c7513078396ba0f.zh-cn/corrupted.info","_languagePackSupport":true}
# environment
_ = /usr/share/code/code
# environment
JOURNAL_STREAM = 8:60441
# environment
XDG_CONFIG_DIRS = /etc/xdg/xdg-ubuntu:/etc/xdg
# makefile (from 'makefile', line 1)
MAKEFILE_LIST :=  makefile
# automatic
@F = $(notdir $@)
# environment
GIO_LAUNCHED_DESKTOP_FILE = /usr/share/applications/code.desktop
# environment
USERNAME = cccmmf
# environment
XDG_DATA_DIRS = /usr/share/ubuntu:/usr/local/share/:/usr/share/:/var/lib/snapd/desktop:/opt/apps/com.alibabainc.dingtalk/entries:/opt/apps/com.qq.im.deepin/entries:/opt/apps/com.qq.video.deepin/entries:/opt/apps/com.qq.weixin.deepin/entries
# environment
DBUS_SESSION_BUS_ADDRESS = unix:path=/run/user/1000/bus
# environment
MANAGERPID = 2248
# environment
P9K_SSH = 0
# environment
VSCODE_CWD = /home/cccmmf
# default
MAKE_HOST := x86_64-pc-linux-gnu
# environment
PATH = /usr/local/sbin:/usr/local/bin:/usr/sbin:/usr/bin:/sbin:/bin:/usr/games:/usr/local/games:/snap/bin
# environment
GPG_AGENT_INFO = /run/user/1000/gnupg/S.gpg-agent:0:1
# environment
LSCOLORS = Gxfxcxdxbxegedabagacad
# environment
SESSION_MANAGER = local/cccmmf:@/tmp/.ICE-unix/2519,unix/cccmmf:/tmp/.ICE-unix/2519
# environment
XDG_RUNTIME_DIR = /run/user/1000
# environment
XDG_MENU_PREFIX = gnome-
# environment
ELECTRON_RUN_AS_NODE = 1
# environment
INVOCATION_ID = c4b5c50689b84021911557791ddb6c3f
# default
.FEATURES := target-specific order-only second-expansion else-if shortest-stem undefine oneshell archives jobserver output-sync check-symlink load
# environment
LS_COLORS = 
# environment
XDG_SESSION_DESKTOP = ubuntu
# environment
SSH_AUTH_SOCK = /run/user/1000/keyring/ssh
# environment
<<<<<<< HEAD
GIO_LAUNCHED_DESKTOP_FILE_PID = 117958
=======
GIO_LAUNCHED_DESKTOP_FILE_PID = 8474
>>>>>>> a89e094389f430cd598a9d22e1f984326a7eab38
# automatic
%F = $(notdir $%)
# environment
DISPLAY = :0
# environment
PWD = /home/cccmmf/task/chatroom
# default
.LOADED := 
# environment
SSH_AGENT_PID = 2445
# environment
ORIGINAL_XDG_CURRENT_DESKTOP = ubuntu:GNOME
# environment
GTK_MODULES = gail:atk-bridge
# environment
VSCODE_AMD_ENTRYPOINT = vs/workbench/api/node/extensionHostProcess
# environment
HOME = /home/cccmmf
# environment
VSCODE_CODE_CACHE_PATH = /home/cccmmf/.config/Code/CachedData/3b889b090b5ad5793f524b5d1d39fda662b96a2a
# environment
LOGNAME = cccmmf
# environment
APPLICATION_INSIGHTS_NO_DIAGNOSTIC_CHANNEL = 1
# environment
ZSH = /home/cccmmf/.oh-my-zsh
# environment
VSCODE_HANDLES_UNCAUGHT_ERRORS = true
# environment
GNOME_DESKTOP_SESSION_ID = this-is-deprecated
# automatic
^D = $(patsubst %/,%,$(dir $^))
# environment
MAKELEVEL := 0
# default
MAKE = $(MAKE_COMMAND)
# default
MAKECMDGOALS := all
# environment
QT_IM_MODULE = ibus
# environment
SHLVL = 0
# environment
GNOME_SHELL_SESSION_MODE = ubuntu
# default
MAKE_VERSION := 4.2.1
# environment
USER = cccmmf
# makefile
.DEFAULT_GOAL := client
# environment
XDG_CURRENT_DESKTOP = Unity
# environment
LESS = -R
# automatic
%D = $(patsubst %/,%,$(dir $%))
# default
MAKE_COMMAND := make
# environment
OLDPWD = /home/cccmmf
# default
.VARIABLES := 
# automatic
*F = $(notdir $*)
# environment
LANGUAGE = zh_CN:zh
# environment
VSCODE_IPC_HOOK = /run/user/1000/vscode-abc1d4ae-1.69.2-main.sock
# makefile
MAKEFLAGS = pqrR
# environment
MFLAGS = -pqrR
# automatic
*D = $(patsubst %/,%,$(dir $*))
# automatic
+D = $(patsubst %/,%,$(dir $+))
# environment
GDK_BACKEND = x11
# automatic
+F = $(notdir $+)
# environment
<<<<<<< HEAD
=======
NO_AT_BRIDGE = 1
# environment
>>>>>>> a89e094389f430cd598a9d22e1f984326a7eab38
QT_ACCESSIBILITY = 1
# default
MAKEFILES := 
# automatic
<F = $(notdir $<)
# environment
PAGER = less
# environment
LC_ALL = C
# environment
GJS_DEBUG_TOPICS = JS ERROR;JS LOG
# automatic
^F = $(notdir $^)
# default
SUFFIXES := 
# environment
CHROME_DESKTOP = code-url-handler.desktop
# environment
WINDOWPATH = 2
# default
.INCLUDE_DIRS = /usr/include /usr/local/include /usr/include
# environment
GJS_DEBUG_OUTPUT = stderr
# default
.RECIPEPREFIX := 
# environment
LANG = C
# environment
<<<<<<< HEAD
VSCODE_PID = 117958
# variable set hash-table stats:
# Load=97/1024=9%, Rehash=0, Collisions=12/122=10%
=======
VSCODE_PID = 8474
# variable set hash-table stats:
# Load=98/1024=10%, Rehash=0, Collisions=12/123=10%
>>>>>>> a89e094389f430cd598a9d22e1f984326a7eab38

# Pattern-specific Variable Values

# No pattern-specific variable values.

# Directories

<<<<<<< HEAD
# . (device 66310, inode 5300257): 18 files, no impossibilities.

# 18 files, no impossibilities in 1 directories.
=======
# . (device 66310, inode 5300257): 20 files, no impossibilities.

# 20 files, no impossibilities in 1 directories.
>>>>>>> a89e094389f430cd598a9d22e1f984326a7eab38

# Implicit Rules

# No implicit rules.

# Files

# Not a target:
serv.cc:
#  Implicit rule search has not been done.
#  Modification time never checked.
#  File has not been updated.

# Not a target:
all:
#  Command line target.
#  Implicit rule search has been done.
#  File does not exist.
#  File has not been updated.

client: client.cc client.hpp ssock.hpp serv.cc servlogin.hpp servfriend.hpp ssock.hpp threadpool.hpp
#  Phony target (prerequisite of .PHONY).
#  Implicit rule search has not been done.
#  File does not exist.
#  File has not been updated.
#  recipe to execute (from 'makefile', line 4):
	g++ -o client client.cc client.hpp ssock.hpp redis.hpp  -lpthread -Wall
<<<<<<< HEAD
=======
 
>>>>>>> a89e094389f430cd598a9d22e1f984326a7eab38
	g++ serv.cc servlogin.hpp servfriend.hpp ssock.hpp threadpool.hpp redis.hpp -o serv -lpthread -lhiredis -Wall

.PHONY: serv client clean
#  Implicit rule search has not been done.
#  Modification time never checked.
#  File has not been updated.

serv:
#  Phony target (prerequisite of .PHONY).
#  Implicit rule search has not been done.
#  File does not exist.
#  File has not been updated.

# Not a target:
client.cc:
#  Implicit rule search has not been done.
#  Modification time never checked.
#  File has not been updated.

# Not a target:
servlogin.hpp:
#  Implicit rule search has not been done.
#  Modification time never checked.
#  File has not been updated.

# Not a target:
makefile:
#  Implicit rule search has been done.
#  Last modified 2022-07-31 19:58:09.601692827
#  File has been updated.
#  Successfully updated.

# Not a target:
ssock.hpp:
#  Implicit rule search has not been done.
#  Modification time never checked.
#  File has not been updated.

# Not a target:
.DEFAULT:
#  Implicit rule search has not been done.
<<<<<<< HEAD
 
make: *** No rule to make target 'all'.  Stop.

=======
>>>>>>> a89e094389f430cd598a9d22e1f984326a7eab38
#  Modification time never checked.
#  File has not been updated.

# Not a target:
threadpool.hpp:
#  Implicit rule search has not been done.
#  Modification time never checked.
#  File has not been updated.

clean:
#  Phony target (prerequisite of .PHONY).
#  Implicit rule search has not been done.
#  File does not exist.
#  File has not been updated.
#  recipe to execute (from 'makefile', line 9):
	rm -f serv client

# Not a target:
servfriend.hpp:
#  Implicit rule search has not been done.
#  Modification time never checked.
#  File has not been updated.

# Not a target:
client.hpp:
#  Implicit rule search has not been done.
#  Modification time never checked.
#  File has not been updated.

# files hash-table stats:
# Load=15/1024=1%, Rehash=0, Collisions=2/39=5%
# VPATH Search Paths

# No 'vpath' search paths.

# No general ('VPATH' variable) search path.

# strcache buffers: 1 (0) / strings = 27 / storage = 264 B / avg = 9 B
# current buf: size = 8162 B / used = 264 B / count = 27 / avg = 9 B

<<<<<<< HEAD
# strcache performance: lookups = 46 / hit rate = 41%
# hash-table stats:
# Load=27/8192=0%, Rehash=0, Collisions=1/46=2%
# Finished Make data base on Wed Aug  3 19:13:11 2022
=======
# strcache performance: lookups = 48 / hit rate = 43%
# hash-table stats:
# Load=27/8192=0%, Rehash=0, Collisions=1/48=2%
# Finished Make data base on Wed Aug  3 16:47:01 2022
>>>>>>> a89e094389f430cd598a9d22e1f984326a7eab38

 
