Performing C SOURCE FILE Test CMAKE_HAVE_LIBC_PTHREAD failed with the following output:
Change Dir: /home/cccmmf/Exercise/Network/build/CMakeFiles/CMakeTmp

Run Build Command(s):/usr/bin/make -f Makefile cmTC_2d119/fast && /usr/bin/make  -f CMakeFiles/cmTC_2d119.dir/build.make CMakeFiles/cmTC_2d119.dir/build
make[1]: 进入目录“/home/cccmmf/Exercise/Network/build/CMakeFiles/CMakeTmp”
Building C object CMakeFiles/cmTC_2d119.dir/src.c.o
/usr/bin/cc -DCMAKE_HAVE_LIBC_PTHREAD  -O2  -o CMakeFiles/cmTC_2d119.dir/src.c.o -c /home/cccmmf/Exercise/Network/build/CMakeFiles/CMakeTmp/src.c
Linking C executable cmTC_2d119
/usr/local/bin/cmake -E cmake_link_script CMakeFiles/cmTC_2d119.dir/link.txt --verbose=1
/usr/bin/cc  -O2  CMakeFiles/cmTC_2d119.dir/src.c.o -o cmTC_2d119 
/usr/bin/ld: CMakeFiles/cmTC_2d119.dir/src.c.o: in function `main':
src.c:(.text.startup+0x29): undefined reference to `pthread_create'
/usr/bin/ld: src.c:(.text.startup+0x32): undefined reference to `pthread_detach'
/usr/bin/ld: src.c:(.text.startup+0x3b): undefined reference to `pthread_cancel'
/usr/bin/ld: src.c:(.text.startup+0x46): undefined reference to `pthread_join'
collect2: error: ld returned 1 exit status
make[1]: *** [CMakeFiles/cmTC_2d119.dir/build.make:99：cmTC_2d119] 错误 1
make[1]: 离开目录“/home/cccmmf/Exercise/Network/build/CMakeFiles/CMakeTmp”
make: *** [Makefile:127：cmTC_2d119/fast] 错误 2


Source file was:
#include <pthread.h>

static void* test_func(void* data)
{
  return data;
}

int main(void)
{
  pthread_t thread;
  pthread_create(&thread, NULL, test_func, NULL);
  pthread_detach(thread);
  pthread_cancel(thread);
  pthread_join(thread, NULL);
  pthread_atfork(NULL, NULL, NULL);
  pthread_exit(NULL);

  return 0;
}

Determining if the function pthread_create exists in the pthreads failed with the following output:
Change Dir: /home/cccmmf/Exercise/Network/build/CMakeFiles/CMakeTmp

Run Build Command(s):/usr/bin/make -f Makefile cmTC_db790/fast && /usr/bin/make  -f CMakeFiles/cmTC_db790.dir/build.make CMakeFiles/cmTC_db790.dir/build
make[1]: 进入目录“/home/cccmmf/Exercise/Network/build/CMakeFiles/CMakeTmp”
Building C object CMakeFiles/cmTC_db790.dir/CheckFunctionExists.c.o
/usr/bin/cc   -O2 -DCHECK_FUNCTION_EXISTS=pthread_create -o CMakeFiles/cmTC_db790.dir/CheckFunctionExists.c.o -c /usr/local/share/cmake-3.23/Modules/CheckFunctionExists.c
Linking C executable cmTC_db790
/usr/local/bin/cmake -E cmake_link_script CMakeFiles/cmTC_db790.dir/link.txt --verbose=1
/usr/bin/cc  -O2 -DCHECK_FUNCTION_EXISTS=pthread_create CMakeFiles/cmTC_db790.dir/CheckFunctionExists.c.o -o cmTC_db790  -lpthreads 
/usr/bin/ld: 找不到 -lpthreads
collect2: error: ld returned 1 exit status
make[1]: *** [CMakeFiles/cmTC_db790.dir/build.make:99：cmTC_db790] 错误 1
make[1]: 离开目录“/home/cccmmf/Exercise/Network/build/CMakeFiles/CMakeTmp”
make: *** [Makefile:127：cmTC_db790/fast] 错误 2



